============================================================
  Generated by:           Genus(TM) Synthesis Solution 21.14-s082_1
  Generated on:           Mar 17 2026  04:39:51 pm
  Module:                 picorv32
  Technology library:     NangateOpenCellLibrary revision 1.0
  Operating conditions:   typical (balanced_tree)
  Wireload mode:          enclosed
  Area mode:              timing library
============================================================

         Pin                 Type      Fanout Load Slew Delay Arrival   
                                              (fF) (ps)  (ps)   (ps)    
------------------------------------------------------------------------
(clock clk)                 launch                                  0 R 
latched_branch_reg/CK                                 0    +0       0 R 
latched_branch_reg/Q        DFF_X2         34 77.1   43  +137     137 F 
g84071__6131/A2                                           +60     196   
g84071__6131/ZN             NAND2_X2       33 75.8   92  +121     318 R 
g84061/A                                                  +34     352   
g84061/ZN                   INV_X1          3  5.9   24   +23     375 F 
g84055__4319/A1                                           +15     390   
g84055__4319/ZN             AND2_X2        31 69.0   39   +78     469 F 
g83735__4733/B1                                           +32     501   
g83735__4733/ZN             AOI222_X1       1  2.0   50   +88     589 R 
g83728/A                                                  +12     601   
g83728/ZN                   INV_X1          2  5.3   16   +20     621 F 
ADD_UNS_OP_g1193/A                                        +25     646   
ADD_UNS_OP_g1193/CO         HA_X1           1  3.0    7   +34     680 F 
ADD_UNS_OP_g1185/CI                                       +19     699   
ADD_UNS_OP_g1185/CO         FA_X1           1  3.0   15   +69     768 F 
ADD_UNS_OP_g1181/CI                                       +19     787   
ADD_UNS_OP_g1181/CO         FA_X1           3  5.4   18   +78     865 F 
ADD_UNS_OP_g1176/C1                                       +15     880   
ADD_UNS_OP_g1176/ZN         AOI221_X1       3  6.2   74   +85     965 R 
ADD_UNS_OP_g1171/B1                                       +15     980   
ADD_UNS_OP_g1171/ZN         OAI21_X1        5  9.9   33   +51    1031 F 
ADD_UNS_OP_g1164/C1                                       +16    1047   
ADD_UNS_OP_g1164/ZN         AOI221_X1       4  8.9   93  +112    1160 R 
ADD_UNS_OP_g1152/A1                                       +16    1175   
ADD_UNS_OP_g1152/ZN         NOR4_X1         1  1.7   20   +11    1186 F 
ADD_UNS_OP_g1143/A1                                       +12    1198   
ADD_UNS_OP_g1143/ZN         NOR3_X1         3  6.6   61   +76    1274 R 
ADD_UNS_OP_g1129/C1                                       +15    1289   
ADD_UNS_OP_g1129/ZN         OAI211_X1       1  3.0   24   +35    1324 F 
ADD_UNS_OP_g1121/CI                                       +19    1343   
ADD_UNS_OP_g1121/CO         FA_X1           1  2.4   14   +75    1418 F 
ADD_UNS_OP_g1120/A                                        +15    1433   
ADD_UNS_OP_g1120/ZN         XNOR2_X1        1  1.9   12   +40    1473 F 
g157822/B1                                                +12    1485   
g157822/ZN                  AOI22_X1        1  2.0   29   +44    1528 R 
g157366/A1                                                +11    1540   
g157366/ZN                  NOR2_X1         1  1.4   20   +10    1549 F 
reg_next_pc_reg[31]/D  <<<  DFF_X1                         +9    1558   
reg_next_pc_reg[31]/CK      setup                     0   +45    1603 R 
- - - - - - - - - - - - - - - - - - - - - - - - - - - - - - - - - - - - 
(clock clk)                 capture                              2000 R 
------------------------------------------------------------------------
Cost Group   : 'clk' (path_group 'clk')
Timing slack :     397ps 
Start-point  : latched_branch_reg/CK
End-point    : reg_next_pc_reg[31]/D

